<?xml version="1.0" encoding="UTF-8"?>
<testng-results skipped="0" failed="1" ignored="0" total="1" passed="0">
  <reporter-output>
  </reporter-output>
  <suite name="Default suite" duration-ms="11933" started-at="2022-07-25T08:39:15Z" finished-at="2022-07-25T08:39:27Z">
    <groups>
    </groups>
    <test name="Default test" duration-ms="11933" started-at="2022-07-25T08:39:15Z" finished-at="2022-07-25T08:39:27Z">
      <class name="org.run.Runner">
        <test-method status="PASS" signature="browserLaunch()[pri:0, instance:org.run.Runner@7920ba90]" name="browserLaunch" is-config="true" duration-ms="3360" started-at="2022-07-25T08:39:15Z" finished-at="2022-07-25T08:39:18Z">
          <reporter-output>
          </reporter-output>
        </test-method> <!-- browserLaunch -->
        <test-method status="PASS" signature="startstime()[pri:0, instance:org.run.Runner@7920ba90]" name="startstime" is-config="true" duration-ms="1303" started-at="2022-07-25T08:39:18Z" finished-at="2022-07-25T08:39:20Z">
          <reporter-output>
          </reporter-output>
        </test-method> <!-- startstime -->
        <test-method status="FAIL" signature="tc1()[pri:0, instance:org.run.Runner@7920ba90]" name="tc1" duration-ms="13" started-at="2022-07-25T08:39:20Z" finished-at="2022-07-25T08:39:20Z">
          <exception class="java.lang.NoSuchMethodError">
            <message>
              <![CDATA[org.openqa.selenium.support.PageFactory.initElements(Lorg/openqa/selenium/WebDriver;Ljava/lang/Object;)V]]>
            </message>
            <full-stacktrace>
              <![CDATA[java.lang.NoSuchMethodError: org.openqa.selenium.support.PageFactory.initElements(Lorg/openqa/selenium/WebDriver;Ljava/lang/Object;)V
at org.pojo.Pojo.<init>(Pojo.java:14)
at org.run.Runner.tc1(Runner.java:48)
at sun.reflect.NativeMethodAccessorImpl.invoke0(Native Method)
at sun.reflect.NativeMethodAccessorImpl.invoke(Unknown Source)
at sun.reflect.DelegatingMethodAccessorImpl.invoke(Unknown Source)
at java.lang.reflect.Method.invoke(Unknown Source)
at org.testng.internal.MethodInvocationHelper.invokeMethod(MethodInvocationHelper.java:124)
at org.testng.internal.Invoker.invokeMethod(Invoker.java:583)
at org.testng.internal.Invoker.invokeTestMethod(Invoker.java:719)
at org.testng.internal.Invoker.invokeTestMethods(Invoker.java:989)
at org.testng.internal.TestMethodWorker.invokeTestMethods(TestMethodWorker.java:125)
at org.testng.internal.TestMethodWorker.run(TestMethodWorker.java:109)
at org.testng.TestRunner.privateRun(TestRunner.java:648)
at org.testng.TestRunner.run(TestRunner.java:505)
at org.testng.SuiteRunner.runTest(SuiteRunner.java:455)
at org.testng.SuiteRunner.runSequentially(SuiteRunner.java:450)
at org.testng.SuiteRunner.privateRun(SuiteRunner.java:415)
at org.testng.SuiteRunner.run(SuiteRunner.java:364)
at org.testng.SuiteRunnerWorker.runSuite(SuiteRunnerWorker.java:52)
at org.testng.SuiteRunnerWorker.run(SuiteRunnerWorker.java:84)
at org.testng.TestNG.runSuitesSequentially(TestNG.java:1208)
at org.testng.TestNG.runSuitesLocally(TestNG.java:1137)
at org.testng.TestNG.runSuites(TestNG.java:1049)
at org.testng.TestNG.run(TestNG.java:1017)
at org.testng.remote.AbstractRemoteTestNG.run(AbstractRemoteTestNG.java:115)
at org.testng.remote.RemoteTestNG.initAndRun(RemoteTestNG.java:251)
at org.testng.remote.RemoteTestNG.main(RemoteTestNG.java:77)
]]>
            </full-stacktrace>
          </exception> <!-- java.lang.NoSuchMethodError -->
          <reporter-output>
          </reporter-output>
        </test-method> <!-- tc1 -->
        <test-method status="PASS" signature="endsTime()[pri:0, instance:org.run.Runner@7920ba90]" name="endsTime" is-config="true" duration-ms="3009" started-at="2022-07-25T08:39:20Z" finished-at="2022-07-25T08:39:23Z">
          <reporter-output>
          </reporter-output>
        </test-method> <!-- endsTime -->
        <test-method status="PASS" signature="browserClose()[pri:0, instance:org.run.Runner@7920ba90]" name="browserClose" is-config="true" duration-ms="4217" started-at="2022-07-25T08:39:23Z" finished-at="2022-07-25T08:39:27Z">
          <reporter-output>
          </reporter-output>
        </test-method> <!-- browserClose -->
      </class> <!-- org.run.Runner -->
    </test> <!-- Default test -->
  </suite> <!-- Default suite -->
</testng-results>
